0 info it worked if it ends with ok
1 verbose cli [ '/usr/bin/node', '/usr/bin/npm', 'run', 'watch:dev' ]
2 info using npm@3.5.2
3 info using node@v8.10.0
4 verbose run-script [ 'prewatch:dev', 'watch:dev', 'postwatch:dev' ]
5 info lifecycle readdit@1.0.0~prewatch:dev: readdit@1.0.0
6 silly lifecycle readdit@1.0.0~prewatch:dev: no script for prewatch:dev, continuing
7 info lifecycle readdit@1.0.0~watch:dev: readdit@1.0.0
8 verbose lifecycle readdit@1.0.0~watch:dev: unsafe-perm in lifecycle true
9 verbose lifecycle readdit@1.0.0~watch:dev: PATH: /usr/share/npm/bin/node-gyp-bin:/srv/www/tbd.io/html/projects/readdit/node_modules/.bin:/usr/local/sbin:/usr/local/bin:/usr/sbin:/usr/bin:/sbin:/bin:/snap/bin
10 verbose lifecycle readdit@1.0.0~watch:dev: CWD: /srv/www/tbd.io/html/projects/readdit
11 silly lifecycle readdit@1.0.0~watch:dev: Args: [ '-c',
11 silly lifecycle   'webpack --env dev --progress --watch --config webpack.dev.js' ]
12 silly lifecycle readdit@1.0.0~watch:dev: Returned: code: 137  signal: null
13 info lifecycle readdit@1.0.0~watch:dev: Failed to exec watch:dev script
14 verbose stack Error: readdit@1.0.0 watch:dev: `webpack --env dev --progress --watch --config webpack.dev.js`
14 verbose stack Exit status 137
14 verbose stack     at EventEmitter.<anonymous> (/usr/share/npm/lib/utils/lifecycle.js:232:16)
14 verbose stack     at emitTwo (events.js:126:13)
14 verbose stack     at EventEmitter.emit (events.js:214:7)
14 verbose stack     at ChildProcess.<anonymous> (/usr/share/npm/lib/utils/spawn.js:24:14)
14 verbose stack     at emitTwo (events.js:126:13)
14 verbose stack     at ChildProcess.emit (events.js:214:7)
14 verbose stack     at maybeClose (internal/child_process.js:925:16)
14 verbose stack     at Process.ChildProcess._handle.onexit (internal/child_process.js:209:5)
15 verbose pkgid readdit@1.0.0
16 verbose cwd /srv/www/tbd.io/html/projects/readdit
17 error Linux 4.15.0-1027-gcp
18 error argv "/usr/bin/node" "/usr/bin/npm" "run" "watch:dev"
19 error node v8.10.0
20 error npm  v3.5.2
21 error code ELIFECYCLE
22 error readdit@1.0.0 watch:dev: `webpack --env dev --progress --watch --config webpack.dev.js`
22 error Exit status 137
23 error Failed at the readdit@1.0.0 watch:dev script 'webpack --env dev --progress --watch --config webpack.dev.js'.
23 error Make sure you have the latest version of node.js and npm installed.
23 error If you do, this is most likely a problem with the readdit package,
23 error not with npm itself.
23 error Tell the author that this fails on your system:
23 error     webpack --env dev --progress --watch --config webpack.dev.js
23 error You can get information on how to open an issue for this project with:
23 error     npm bugs readdit
23 error Or if that isn't available, you can get their info via:
23 error     npm owner ls readdit
23 error There is likely additional logging output above.
24 verbose exit [ 1, true ]
